Determining if the pthread_create exist failed with the following output:
Change Dir: /home/redouan/bolts_ws/build/CMakeFiles/CMakeTmp

Run Build Command:"/usr/bin/make" "cmTC_28f43/fast"
/usr/bin/make -f CMakeFiles/cmTC_28f43.dir/build.make CMakeFiles/cmTC_28f43.dir/build
make[1]: Entering directory '/home/redouan/bolts_ws/build/CMakeFiles/CMakeTmp'
Building C object CMakeFiles/cmTC_28f43.dir/CheckSymbolExists.c.o
/usr/bin/cc    -o CMakeFiles/cmTC_28f43.dir/CheckSymbolExists.c.o   -c /home/redouan/bolts_ws/build/CMakeFiles/CMakeTmp/CheckSymbolExists.c
Linking C executable cmTC_28f43
/usr/bin/cmake -E cmake_link_script CMakeFiles/cmTC_28f43.dir/link.txt --verbose=1
/usr/bin/cc      -rdynamic CMakeFiles/cmTC_28f43.dir/CheckSymbolExists.c.o  -o cmTC_28f43 
CMakeFiles/cmTC_28f43.dir/CheckSymbolExists.c.o: In function `main':
CheckSymbolExists.c:(.text+0x1b): undefined reference to `pthread_create'
collect2: error: ld returned 1 exit status
CMakeFiles/cmTC_28f43.dir/build.make:97: recipe for target 'cmTC_28f43' failed
make[1]: *** [cmTC_28f43] Error 1
make[1]: Leaving directory '/home/redouan/bolts_ws/build/CMakeFiles/CMakeTmp'
Makefile:126: recipe for target 'cmTC_28f43/fast' failed
make: *** [cmTC_28f43/fast] Error 2

File /home/redouan/bolts_ws/build/CMakeFiles/CMakeTmp/CheckSymbolExists.c:
/* */
#include <pthread.h>

int main(int argc, char** argv)
{
  (void)argv;
#ifndef pthread_create
  return ((int*)(&pthread_create))[argc];
#else
  (void)argc;
  return 0;
#endif
}

Determining if the function pthread_create exists in the pthreads failed with the following output:
Change Dir: /home/redouan/bolts_ws/build/CMakeFiles/CMakeTmp

Run Build Command:"/usr/bin/make" "cmTC_ecae0/fast"
/usr/bin/make -f CMakeFiles/cmTC_ecae0.dir/build.make CMakeFiles/cmTC_ecae0.dir/build
make[1]: Entering directory '/home/redouan/bolts_ws/build/CMakeFiles/CMakeTmp'
Building C object CMakeFiles/cmTC_ecae0.dir/CheckFunctionExists.c.o
/usr/bin/cc   -DCHECK_FUNCTION_EXISTS=pthread_create   -o CMakeFiles/cmTC_ecae0.dir/CheckFunctionExists.c.o   -c /usr/share/cmake-3.10/Modules/CheckFunctionExists.c
Linking C executable cmTC_ecae0
/usr/bin/cmake -E cmake_link_script CMakeFiles/cmTC_ecae0.dir/link.txt --verbose=1
/usr/bin/cc  -DCHECK_FUNCTION_EXISTS=pthread_create    -rdynamic CMakeFiles/cmTC_ecae0.dir/CheckFunctionExists.c.o  -o cmTC_ecae0 -lpthreads 
/usr/bin/ld: cannot find -lpthreads
collect2: error: ld returned 1 exit status
CMakeFiles/cmTC_ecae0.dir/build.make:97: recipe for target 'cmTC_ecae0' failed
make[1]: *** [cmTC_ecae0] Error 1
make[1]: Leaving directory '/home/redouan/bolts_ws/build/CMakeFiles/CMakeTmp'
Makefile:126: recipe for target 'cmTC_ecae0/fast' failed
make: *** [cmTC_ecae0/fast] Error 2


